Arguments: 
  /usr/local/bin/node /usr/local/bin/yarn login

PATH: 
  /Users/raphael/.cabal/bin:/Applications/ghc-7.8.4.app/Contents/bin:~/bin:/Users/raphael/projects/google-cloud-sdk/bin:/usr/local/sbin:/usr/local/bin:/usr/bin:/bin:/usr/sbin:/sbin

Yarn version: 
  1.10.1

Node version: 
  10.13.0

Platform: 
  darwin x64

Trace: 
  SyntaxError: /Users/raphael/projects/js-api-clients/package.json: Unexpected token } in JSON at position 389
      at JSON.parse (<anonymous>)
      at /usr/local/lib/node_modules/yarn/lib/cli.js:1136:59
      at Generator.next (<anonymous>)
      at step (/usr/local/lib/node_modules/yarn/lib/cli.js:98:30)
      at /usr/local/lib/node_modules/yarn/lib/cli.js:109:13

npm manifest: 
  {
    "private": true,
    "name": "js-api-clients",
    "version": "0.0.1",
    "description": "A monorepo with several NPM packages for the Upvest API",
    "directories": {
      "packages": "./packages"
    },
    "workspaces": [
      "packages/*"
    ],
    "scripts": {
      "test": "echo \"Error: no test specified\" && exit 1",
      "release": "yarn bump && git push --follow-tags && scripts/release",
    },
    "repository": {
      "type": "git",
      "url": "git+https://github.com/toknapp/js-api-clients.git"
    },
    "keywords": [
      "JS",
      "js",
      "Javascript",
      "JavaScript",
      "Upvest",
      "API",
      "client",
      "browser",
      "Node.js",
      "Node",
      "node"
    ],
    "author": "Raphael Huefner",
    "license": "MIT",
    "bugs": {
      "url": "https://github.com/toknapp/js-api-clients/issues"
    },
    "homepage": "https://github.com/toknapp/js-api-clients#readme",
    "devDependencies": {
      "lerna": "^3.5.0"
    }
  }

yarn manifest: 
  No manifest

Lockfile: 
  No lockfile
